ViewPagerIndicator-Library/build/outputs/logs/manifest-merger-release-report.txt
-- Merging decision tree log ---
manifest
ADDED from Monshi_App\ViewPagerIndicator-Library\AndroidManifest.xml:3:1-8:12
INJECTED from Monshi_App\ViewPagerIndicator-Library\AndroidManifest.xml:3:1-8:12
INJECTED from Monshi_App\ViewPagerIndicator-Library\AndroidManifest.xml:3:1-8:12
INJECTED from Monshi_App\ViewPagerIndicator-Library\AndroidManifest.xml:3:1-8:12
INJECTED from Monshi_App\ViewPagerIndicator-Library\AndroidManifest.xml:3:1-8:12
INJECTED from Monshi_App\ViewPagerIndicator-Library\AndroidManifest.xml:3:1-8:12
INJECTED from Monshi_App\ViewPagerIndicator-Library\AndroidManifest.xml:3:1-8:12
	package
		ADDED from Monshi_App\ViewPagerIndicator-Library\AndroidManifest.xml:4:5-37
		INJECTED from Monshi_App\ViewPagerIndicator-Library\AndroidManifest.xml
		INJECTED from Monshi_App\ViewPagerIndicator-Library\AndroidManifest.xml
	android:versionName
		ADDED from Monshi_App\ViewPagerIndicator-Library\AndroidManifest.xml:6:5-32
		INJECTED from Monshi_App\ViewPagerIndicator-Library\AndroidManifest.xml
		INJECTED from Monshi_App\ViewPagerIndicator-Library\AndroidManifest.xml
	xmlns:android
		ADDED from Monshi_App\ViewPagerIndicator-Library\AndroidManifest.xml:3:11-69
	android:versionCode
		ADDED from Monshi_App\ViewPagerIndicator-Library\AndroidManifest.xml:5:5-29
		INJECTED from Monshi_App\ViewPagerIndicator-Library\AndroidManifest.xml
		INJECTED from Monshi_App\ViewPagerIndicator-Library\AndroidManifest.xml
uses-sdk
INJECTED from Monshi_App\ViewPagerIndicator-Library\AndroidManifest.xml reason: use-sdk injection requested
INJECTED from Monshi_App\ViewPagerIndicator-Library\AndroidManifest.xml
INJECTED from Monshi_App\ViewPagerIndicator-Library\AndroidManifest.xml
INJECTED from Monshi_App\ViewPagerIndicator-Library\AndroidManifest.xml
INJECTED from Monshi_App\ViewPagerIndicator-Library\AndroidManifest.xml
	android:targetSdkVersion
		INJECTED from Monshi_App\ViewPagerIndicator-Library\AndroidManifest.xml
		ADDED from Monshi_App\ViewPagerIndicator-Library\AndroidManifest.xml
		INJECTED from Monshi_App\ViewPagerIndicator-Library\AndroidManifest.xml
	android:minSdkVersion
		INJECTED from Monshi_App\ViewPagerIndicator-Library\AndroidManifest.xml
		ADDED from Monshi_App\ViewPagerIndicator-Library\AndroidManifest.xml
		INJECTED from Monshi_App\ViewPagerIndicator-Library\AndroidManifest.xml